<?xml version="1.0" encoding="UTF-8"?>
<!-- Generated by org.testng.reporters.JUnitReportReporter -->
<testsuite skipped="0" hostname="haresh-mbp.home" name="ReserveBookingTest" tests="1" failures="0" timestamp="11 Feb 2019 08:53:27 GMT" time="23.406" errors="0">
  <testcase name="bookReservation" time="23.406" classname="ReserveBookingTest"/>
</testsuite> <!-- ReserveBookingTest -->
